#! /usr/bin/vvp
:ivl_version "0.9.7 " "(v0_9_7)";
:vpi_time_precision - 10;
:vpi_module "system";
:vpi_module "v2005_math";
:vpi_module "va_math";
S_0x168f0c0 .scope module, "sm_testbench" "sm_testbench" 2 10;
 .timescale -9 -10;
P_0x168d298 .param/l "Tt" 2 13, +C4<010100>;
v0x16c4840_0 .var *"_s4", 0 0; Local signal
v0x16c4900_0 .var "clk", 0 0;
v0x16c4980_0 .net "cpuClk", 0 0, L_0x16c4080; 1 drivers
v0x16c4a00_0 .var/i "cycle", 31 0;
v0x16c4a80_0 .var/i "i", 31 0;
v0x16c4b20_0 .var "regAddr", 4 0;
v0x16c4ba0_0 .net "regData", 31 0, L_0x16c5e80; 1 drivers
v0x16c4c70_0 .var "rst_n", 0 0;
S_0x16c4270 .scope task, "disasmInstr" "disasmInstr" 2 66, 2 66, S_0x168f0c0;
 .timescale -9 -10;
v0x16c4360_0 .var "cmdFunk", 5 0;
v0x16c43e0_0 .var "cmdImm", 15 0;
v0x16c4460_0 .var/s "cmdImmS", 15 0;
v0x16c44e0_0 .var "cmdOper", 5 0;
v0x16c4560_0 .var "cmdRd", 4 0;
v0x16c45e0_0 .var "cmdRs", 4 0;
v0x16c4660_0 .var "cmdRt", 4 0;
v0x16c4700_0 .var "cmdSa", 4 0;
v0x16c47a0_0 .var "instr", 31 0;
TD_sm_testbench.disasmInstr ;
    %ix/load 1, 26, 0;
    %mov 4, 0, 1;
    %jmp/1 T_0.0, 4;
    %load/x1p 8, v0x16c47a0_0, 6;
    %jmp T_0.1;
T_0.0 ;
    %mov 8, 2, 6;
T_0.1 ;
; Save base=8 wid=6 in lookaside.
    %set/v v0x16c44e0_0, 8, 6;
    %load/v 8, v0x16c47a0_0, 6; Only need 6 of 32 bits
; Save base=8 wid=6 in lookaside.
    %set/v v0x16c4360_0, 8, 6;
    %ix/load 1, 21, 0;
    %mov 4, 0, 1;
    %jmp/1 T_0.2, 4;
    %load/x1p 8, v0x16c47a0_0, 5;
    %jmp T_0.3;
T_0.2 ;
    %mov 8, 2, 5;
T_0.3 ;
; Save base=8 wid=5 in lookaside.
    %set/v v0x16c45e0_0, 8, 5;
    %ix/load 1, 16, 0;
    %mov 4, 0, 1;
    %jmp/1 T_0.4, 4;
    %load/x1p 8, v0x16c47a0_0, 5;
    %jmp T_0.5;
T_0.4 ;
    %mov 8, 2, 5;
T_0.5 ;
; Save base=8 wid=5 in lookaside.
    %set/v v0x16c4660_0, 8, 5;
    %ix/load 1, 11, 0;
    %mov 4, 0, 1;
    %jmp/1 T_0.6, 4;
    %load/x1p 8, v0x16c47a0_0, 5;
    %jmp T_0.7;
T_0.6 ;
    %mov 8, 2, 5;
T_0.7 ;
; Save base=8 wid=5 in lookaside.
    %set/v v0x16c4560_0, 8, 5;
    %ix/load 1, 6, 0;
    %mov 4, 0, 1;
    %jmp/1 T_0.8, 4;
    %load/x1p 8, v0x16c47a0_0, 5;
    %jmp T_0.9;
T_0.8 ;
    %mov 8, 2, 5;
T_0.9 ;
; Save base=8 wid=5 in lookaside.
    %set/v v0x16c4700_0, 8, 5;
    %load/v 8, v0x16c47a0_0, 16; Only need 16 of 32 bits
; Save base=8 wid=16 in lookaside.
    %set/v v0x16c43e0_0, 8, 16;
    %load/v 8, v0x16c47a0_0, 16; Only need 16 of 32 bits
; Save base=8 wid=16 in lookaside.
    %set/v v0x16c4460_0, 8, 16;
    %vpi_call 2 89 "$write", "   ";
    %load/v 8, v0x16c4360_0, 6;
    %load/v 14, v0x16c44e0_0, 6;
    %movi 20, 33, 12;
    %cmp/z 8, 20, 12;
    %jmp/1 T_0.11, 4;
    %movi 20, 37, 12;
    %cmp/z 8, 20, 12;
    %jmp/1 T_0.12, 4;
    %movi 20, 2, 12;
    %cmp/z 8, 20, 12;
    %jmp/1 T_0.13, 4;
    %movi 20, 43, 12;
    %cmp/z 8, 20, 12;
    %jmp/1 T_0.14, 4;
    %movi 20, 35, 12;
    %cmp/z 8, 20, 12;
    %jmp/1 T_0.15, 4;
    %mov 20, 3, 6;
    %movi 26, 9, 6;
    %cmp/z 8, 20, 12;
    %jmp/1 T_0.16, 4;
    %mov 32, 3, 6;
    %movi 38, 15, 6;
    %cmp/z 8, 32, 12;
    %jmp/1 T_0.17, 4;
    %mov 44, 3, 6;
    %movi 50, 4, 6;
    %cmp/z 8, 44, 12;
    %jmp/1 T_0.18, 4;
    %mov 56, 3, 6;
    %movi 62, 5, 6;
    %cmp/z 8, 56, 12;
    %jmp/1 T_0.19, 4;
    %load/v 68, v0x16c47a0_0, 32;
    %cmpi/u 68, 0, 32;
    %jmp/0xz  T_0.21, 4;
    %vpi_call 2 93 "$write", "nop";
    %jmp T_0.22;
T_0.21 ;
    %vpi_call 2 95 "$write", "new/unknown";
T_0.22 ;
    %jmp T_0.20;
T_0.11 ;
    %vpi_call 2 97 "$write", "addu  $%1d, $%1d, $%1d", v0x16c4560_0, v0x16c45e0_0, v0x16c4660_0;
    %jmp T_0.20;
T_0.12 ;
    %vpi_call 2 98 "$write", "or    $%1d, $%1d, $%1d", v0x16c4560_0, v0x16c45e0_0, v0x16c4660_0;
    %jmp T_0.20;
T_0.13 ;
    %vpi_call 2 99 "$write", "srl   $%1d, $%1d, $%1d", v0x16c4560_0, v0x16c45e0_0, v0x16c4660_0;
    %jmp T_0.20;
T_0.14 ;
    %vpi_call 2 100 "$write", "sltu  $%1d, $%1d, $%1d", v0x16c4560_0, v0x16c45e0_0, v0x16c4660_0;
    %jmp T_0.20;
T_0.15 ;
    %vpi_call 2 101 "$write", "subu  $%1d, $%1d, $%1d", v0x16c4560_0, v0x16c45e0_0, v0x16c4660_0;
    %jmp T_0.20;
T_0.16 ;
    %vpi_call 2 103 "$write", "addiu $%1d, $%1d, %1d", v0x16c4660_0, v0x16c45e0_0, v0x16c43e0_0;
    %jmp T_0.20;
T_0.17 ;
    %vpi_call 2 104 "$write", "lui   $%1d, %1d", v0x16c4660_0, v0x16c43e0_0;
    %jmp T_0.20;
T_0.18 ;
    %ix/load 0, 1, 0;
    %load/vp0/s 8, v0x16c4460_0, 32;
    %vpi_call 2 107 "$write", "beq   $%1d, $%1d, %1d", v0x16c45e0_0, v0x16c4660_0, T<8,32,s>;
    %jmp T_0.20;
T_0.19 ;
    %ix/load 0, 1, 0;
    %load/vp0/s 8, v0x16c4460_0, 32;
    %vpi_call 2 108 "$write", "bne   $%1d, $%1d, %1d", v0x16c45e0_0, v0x16c4660_0, T<8,32,s>;
    %jmp T_0.20;
T_0.20 ;
    %end;
S_0x1674780 .scope module, "sm_top" "sm_top" 2 23, 3 3, S_0x168f0c0;
 .timescale 0 0;
v0x16c3980_0 .net "addr", 4 0, v0x16c3000_0; 1 drivers
v0x16c3a00_0 .alias "clk", 0 0, v0x16c4980_0;
v0x16c3b10_0 .net "clkDevide", 3 0, C4<0000>; 1 drivers
v0x16c3bc0_0 .net "clkEnable", 0 0, C4<1>; 1 drivers
v0x16c3ca0_0 .net "clkIn", 0 0, v0x16c4900_0; 1 drivers
v0x16c3d20_0 .net "devide", 3 0, v0x16c38d0_0; 1 drivers
v0x16c3de0_0 .net "enable", 0 0, v0x16c3420_0; 1 drivers
v0x16c3e60_0 .net "imAddr", 31 0, L_0x16c59d0; 1 drivers
v0x16c3f30_0 .net "imData", 31 0, L_0x16c52b0; 1 drivers
v0x16c4000_0 .net "regAddr", 4 0, v0x16c4b20_0; 1 drivers
v0x16c40e0_0 .alias "regData", 31 0, v0x16c4ba0_0;
v0x16c4160_0 .net "rst_n", 0 0, v0x16c4c70_0; 1 drivers
S_0x16c34f0 .scope module, "f0" "sm_debouncer" 3 18, 3 51, S_0x1674780;
 .timescale 0 0;
P_0x16c35e8 .param/l "SIZE" 3 53, +C4<0100>;
v0x16c3680_0 .alias "clk", 0 0, v0x16c3ca0_0;
v0x16c3790_0 .alias "d", 3 0, v0x16c3b10_0;
v0x16c3830_0 .var "data", 3 0;
v0x16c38d0_0 .var "q", 3 0;
S_0x16c30d0 .scope module, "f1" "sm_debouncer" 3 19, 3 51, S_0x1674780;
 .timescale 0 0;
P_0x16c31c8 .param/l "SIZE" 3 53, +C4<01>;
v0x16c3260_0 .alias "clk", 0 0, v0x16c3ca0_0;
v0x16c32e0_0 .alias "d", 0 0, v0x16c3bc0_0;
v0x16c3380_0 .var "data", 0 0;
v0x16c3420_0 .var "q", 0 0;
S_0x16c2cc0 .scope module, "f2" "sm_debouncer" 3 20, 3 51, S_0x1674780;
 .timescale 0 0;
P_0x16c28f8 .param/l "SIZE" 3 53, +C4<0101>;
v0x16c2e20_0 .alias "clk", 0 0, v0x16c3ca0_0;
v0x16c2ec0_0 .alias "d", 4 0, v0x16c4000_0;
v0x16c2f60_0 .var "data", 4 0;
v0x16c3000_0 .var "q", 4 0;
E_0x16c2df0 .event posedge, v0x16c2200_0;
S_0x16c1f70 .scope module, "sm_clk_divider" "sm_clk_divider" 3 24, 3 70, S_0x1674780;
 .timescale 0 0;
P_0x16bf178 .param/l "bypass" 3 73, +C4<01>;
P_0x16bf1a0 .param/l "shift" 3 72, +C4<010000>;
L_0x16c4080 .functor BUFZ 1, v0x16c4900_0, C4<0>, C4<0>, C4<0>;
v0x16c2540_0 .net *"_s0", 32 0, L_0x16c4d40; 1 drivers
v0x16c2600_0 .net *"_s3", 0 0, C4<0>; 1 drivers
v0x16c26a0_0 .net *"_s4", 32 0, C4<000000000000000000000000000000001>; 1 drivers
v0x16c2740_0 .net *"_s6", 32 0, L_0x16c4ea0; 1 drivers
v0x16c27c0_0 .alias "clkIn", 0 0, v0x16c3ca0_0;
v0x16c2870_0 .alias "clkOut", 0 0, v0x16c4980_0;
v0x16c2930_0 .net "cntr", 31 0, v0x16c2320_0; 1 drivers
v0x16c29b0_0 .net "cntrNext", 31 0, L_0x16c50b0; 1 drivers
v0x16c2ab0_0 .alias "devide", 3 0, v0x16c3d20_0;
v0x16c2b30_0 .alias "enable", 0 0, v0x16c3de0_0;
v0x16c2c40_0 .alias "rst_n", 0 0, v0x16c4160_0;
L_0x16c4d40 .concat [ 32 1 0 0], v0x16c2320_0, C4<0>;
L_0x16c4ea0 .arith/sum 33, L_0x16c4d40, C4<000000000000000000000000000000001>;
L_0x16c50b0 .part L_0x16c4ea0, 0, 32;
S_0x16c20e0 .scope module, "r_cntr" "sm_register_we" 3 84, 4 18, S_0x16c1f70;
 .timescale 0 0;
v0x16c2200_0 .alias "clk", 0 0, v0x16c3ca0_0;
v0x16c2280_0 .alias "d", 31 0, v0x16c29b0_0;
v0x16c2320_0 .var "q", 31 0;
v0x16c23c0_0 .alias "rst", 0 0, v0x16c4160_0;
v0x16c24c0_0 .alias "we", 0 0, v0x16c3de0_0;
E_0x16c21d0/0 .event negedge, v0x16c0240_0;
E_0x16c21d0/1 .event posedge, v0x16c2200_0;
E_0x16c21d0 .event/or E_0x16c21d0/0, E_0x16c21d0/1;
S_0x16c19d0 .scope module, "reset_rom" "sm_rom" 3 36, 5 2, S_0x1674780;
 .timescale 0 0;
P_0x16beeb8 .param/l "SIZE" 5 4, +C4<01000000>;
L_0x16c52b0 .functor BUFZ 32, L_0x16c51f0, C4<00000000000000000000000000000000>, C4<00000000000000000000000000000000>, C4<00000000000000000000000000000000>;
v0x16c1d40_0 .net *"_s0", 31 0, L_0x16c51f0; 1 drivers
v0x16c1dc0_0 .alias "a", 31 0, v0x16c3e60_0;
v0x16c1e40_0 .alias "rd", 31 0, v0x16c3f30_0;
v0x16c1ec0 .array "rom", 0 63, 31 0;
L_0x16c51f0 .array/port v0x16c1ec0, L_0x16c59d0;
S_0x1674870 .scope module, "sm_cpu" "sm_cpu" 3 38, 6 13, S_0x1674780;
 .timescale 0 0;
L_0x16c5790 .functor NOT 1, L_0x16c69f0, C4<0>, C4<0>, C4<0>;
L_0x16c59d0 .functor BUFZ 32, v0x16c01a0_0, C4<00000000000000000000000000000000>, C4<00000000000000000000000000000000>, C4<00000000000000000000000000000000>;
L_0x16c5ac0 .functor BUFZ 32, L_0x16c52b0, C4<00000000000000000000000000000000>, C4<00000000000000000000000000000000>, C4<00000000000000000000000000000000>;
v0x16c02c0_0 .net *"_s0", 32 0, L_0x16c5380; 1 drivers
v0x16c0380_0 .net *"_s10", 0 0, L_0x16c5790; 1 drivers
v0x16c0420_0 .net *"_s18", 5 0, L_0x16c5bb0; 1 drivers
v0x16c04c0_0 .net *"_s21", 0 0, C4<0>; 1 drivers
v0x16c0570_0 .net *"_s22", 5 0, C4<000000>; 1 drivers
v0x16c0610_0 .net *"_s24", 0 0, L_0x16c5da0; 1 drivers
v0x16c06b0_0 .net *"_s29", 4 0, L_0x16c6000; 1 drivers
v0x16c0750_0 .net *"_s3", 0 0, C4<0>; 1 drivers
v0x16c07f0_0 .net *"_s31", 4 0, L_0x16c6140; 1 drivers
v0x16c0890_0 .net *"_s39", 0 0, L_0x16c76c0; 1 drivers
v0x16c0930_0 .net *"_s4", 32 0, C4<000000000000000000000000000000001>; 1 drivers
v0x16c09d0_0 .net *"_s40", 15 0, L_0x16c7760; 1 drivers
v0x16c0a70_0 .net *"_s43", 15 0, L_0x16c7910; 1 drivers
v0x16c0b10_0 .net *"_s6", 32 0, L_0x16c5560; 1 drivers
v0x16c0c30_0 .net "a3", 4 0, L_0x16c61e0; 1 drivers
v0x16c0cb0_0 .net "aluControl", 2 0, v0x16bdcc0_0; 1 drivers
v0x16c0b90_0 .net "aluSrc", 0 0, v0x16bdd60_0; 1 drivers
v0x16c0dc0_0 .net "aluZero", 0 0, L_0x16c80d0; 1 drivers
v0x16c0ee0_0 .alias "clk", 0 0, v0x16c4980_0;
v0x16c0fb0_0 .alias "imAddr", 31 0, v0x16c3e60_0;
v0x16c0e40_0 .alias "imData", 31 0, v0x16c3f30_0;
v0x16c10e0_0 .net "instr", 31 0, L_0x16c5ac0; 1 drivers
v0x16c1030_0 .net "pc", 31 0, v0x16c01a0_0; 1 drivers
v0x16c1220_0 .net "pcBranch", 31 0, L_0x16c7d70; 1 drivers
v0x16c1160_0 .net "pcNext", 31 0, L_0x16c56a0; 1 drivers
v0x16c1370_0 .net "pcSrc", 0 0, L_0x16c69f0; 1 drivers
v0x16c12a0_0 .net "pc_new", 31 0, L_0x16c5840; 1 drivers
v0x16c14d0_0 .net "rd0", 31 0, L_0x16c6730; 1 drivers
v0x16c13f0_0 .net "rd1", 31 0, L_0x16c6cf0; 1 drivers
v0x16c1640_0 .net "rd2", 31 0, L_0x16c72a0; 1 drivers
v0x16c1550_0 .alias "regAddr", 4 0, v0x16c3980_0;
v0x16c17c0_0 .alias "regData", 31 0, v0x16c4ba0_0;
v0x16c16c0_0 .net "regDst", 0 0, v0x16be260_0; 1 drivers
v0x16c1950_0 .net "regWrite", 0 0, v0x16be360_0; 1 drivers
v0x16c1840_0 .alias "rst_n", 0 0, v0x16c4160_0;
v0x16c18c0_0 .net "signImm", 31 0, L_0x16c7c40; 1 drivers
v0x16c1b00_0 .net "srcB", 31 0, L_0x16c7eb0; 1 drivers
v0x16c1b80_0 .net "wd3", 31 0, v0x16be6b0_0; 1 drivers
L_0x16c5380 .concat [ 32 1 0 0], v0x16c01a0_0, C4<0>;
L_0x16c5560 .arith/sum 33, L_0x16c5380, C4<000000000000000000000000000000001>;
L_0x16c56a0 .part L_0x16c5560, 0, 32;
L_0x16c5840 .functor MUXZ 32, L_0x16c7d70, L_0x16c56a0, L_0x16c5790, C4<>;
L_0x16c5bb0 .concat [ 5 1 0 0], v0x16c3000_0, C4<0>;
L_0x16c5da0 .cmp/ne 6, L_0x16c5bb0, C4<000000>;
L_0x16c5e80 .functor MUXZ 32, v0x16c01a0_0, L_0x16c6730, L_0x16c5da0, C4<>;
L_0x16c6000 .part L_0x16c5ac0, 11, 5;
L_0x16c6140 .part L_0x16c5ac0, 16, 5;
L_0x16c61e0 .functor MUXZ 5, L_0x16c6140, L_0x16c6000, v0x16be260_0, C4<>;
L_0x16c7480 .part L_0x16c5ac0, 21, 5;
L_0x16c75b0 .part L_0x16c5ac0, 16, 5;
L_0x16c76c0 .part L_0x16c5ac0, 15, 1;
LS_0x16c7760_0_0 .concat [ 1 1 1 1], L_0x16c76c0, L_0x16c76c0, L_0x16c76c0, L_0x16c76c0;
LS_0x16c7760_0_4 .concat [ 1 1 1 1], L_0x16c76c0, L_0x16c76c0, L_0x16c76c0, L_0x16c76c0;
LS_0x16c7760_0_8 .concat [ 1 1 1 1], L_0x16c76c0, L_0x16c76c0, L_0x16c76c0, L_0x16c76c0;
LS_0x16c7760_0_12 .concat [ 1 1 1 1], L_0x16c76c0, L_0x16c76c0, L_0x16c76c0, L_0x16c76c0;
L_0x16c7760 .concat [ 4 4 4 4], LS_0x16c7760_0_0, LS_0x16c7760_0_4, LS_0x16c7760_0_8, LS_0x16c7760_0_12;
L_0x16c7910 .part L_0x16c5ac0, 0, 16;
L_0x16c7c40 .concat [ 16 16 0 0], L_0x16c7910, L_0x16c7760;
L_0x16c7d70 .arith/sum 32, L_0x16c56a0, L_0x16c7c40;
L_0x16c7eb0 .functor MUXZ 32, L_0x16c72a0, L_0x16c7c40, v0x16bdd60_0, C4<>;
L_0x16c81c0 .part L_0x16c5ac0, 6, 5;
L_0x16c8370 .part L_0x16c5ac0, 26, 6;
L_0x16c7f50 .part L_0x16c5ac0, 0, 6;
S_0x16bff80 .scope module, "r_pc" "sm_register" 6 35, 4 3, S_0x1674870;
 .timescale 0 0;
v0x16c0070_0 .alias "clk", 0 0, v0x16c4980_0;
v0x16c0120_0 .alias "d", 31 0, v0x16c12a0_0;
v0x16c01a0_0 .var "q", 31 0;
v0x16c0240_0 .alias "rst", 0 0, v0x16c4160_0;
E_0x16bfde0/0 .event negedge, v0x16c0240_0;
E_0x16bfde0/1 .event posedge, v0x16bf970_0;
E_0x16bfde0 .event/or E_0x16bfde0/0, E_0x16bfde0/1;
S_0x16be9a0 .scope module, "rf" "sm_register_file" 6 51, 6 165, S_0x1674870;
 .timescale 0 0;
v0x16beae0_0 .net *"_s0", 5 0, L_0x16c63d0; 1 drivers
v0x16beba0_0 .net *"_s10", 31 0, C4<00000000000000000000000000000000>; 1 drivers
v0x16bec40_0 .net *"_s14", 5 0, L_0x16c68c0; 1 drivers
v0x16bece0_0 .net *"_s17", 0 0, C4<0>; 1 drivers
v0x16bed90_0 .net *"_s18", 5 0, C4<000000>; 1 drivers
v0x16bee30_0 .net *"_s20", 0 0, L_0x16c6a90; 1 drivers
v0x16bef10_0 .net *"_s22", 31 0, L_0x16c6bc0; 1 drivers
v0x16befb0_0 .net *"_s24", 31 0, C4<00000000000000000000000000000000>; 1 drivers
v0x16bf050_0 .net *"_s28", 5 0, L_0x16c6ed0; 1 drivers
v0x16bf0f0_0 .net *"_s3", 0 0, C4<0>; 1 drivers
v0x16bf1f0_0 .net *"_s31", 0 0, C4<0>; 1 drivers
v0x16bf290_0 .net *"_s32", 5 0, C4<000000>; 1 drivers
v0x16bf3a0_0 .net *"_s34", 0 0, L_0x16c7080; 1 drivers
v0x16bf440_0 .net *"_s36", 31 0, L_0x16c71c0; 1 drivers
v0x16bf560_0 .net *"_s38", 31 0, C4<00000000000000000000000000000000>; 1 drivers
v0x16bf600_0 .net *"_s4", 5 0, C4<000000>; 1 drivers
v0x16bf4c0_0 .net *"_s6", 0 0, L_0x16c6550; 1 drivers
v0x16bf750_0 .net *"_s8", 31 0, L_0x16c6690; 1 drivers
v0x16bf870_0 .alias "a0", 4 0, v0x16c3980_0;
v0x16bf8f0_0 .net "a1", 4 0, L_0x16c7480; 1 drivers
v0x16bf7d0_0 .net "a2", 4 0, L_0x16c75b0; 1 drivers
v0x16bfa20_0 .alias "a3", 4 0, v0x16c0c30_0;
v0x16bf970_0 .alias "clk", 0 0, v0x16c4980_0;
v0x16bfb60_0 .alias "rd0", 31 0, v0x16c14d0_0;
v0x16bfac0_0 .alias "rd1", 31 0, v0x16c13f0_0;
v0x16bfcb0_0 .alias "rd2", 31 0, v0x16c1640_0;
v0x16bfbe0 .array "rf", 0 31, 31 0;
v0x16bfe10_0 .alias "wd3", 31 0, v0x16c1b80_0;
v0x16bfd30_0 .alias "we3", 0 0, v0x16c1950_0;
E_0x16bea90 .event posedge, v0x16bf970_0;
L_0x16c63d0 .concat [ 5 1 0 0], v0x16c3000_0, C4<0>;
L_0x16c6550 .cmp/ne 6, L_0x16c63d0, C4<000000>;
L_0x16c6690 .array/port v0x16bfbe0, v0x16c3000_0;
L_0x16c6730 .functor MUXZ 32, C4<00000000000000000000000000000000>, L_0x16c6690, L_0x16c6550, C4<>;
L_0x16c68c0 .concat [ 5 1 0 0], L_0x16c7480, C4<0>;
L_0x16c6a90 .cmp/ne 6, L_0x16c68c0, C4<000000>;
L_0x16c6bc0 .array/port v0x16bfbe0, L_0x16c7480;
L_0x16c6cf0 .functor MUXZ 32, C4<00000000000000000000000000000000>, L_0x16c6bc0, L_0x16c6a90, C4<>;
L_0x16c6ed0 .concat [ 5 1 0 0], L_0x16c75b0, C4<0>;
L_0x16c7080 .cmp/ne 6, L_0x16c6ed0, C4<000000>;
L_0x16c71c0 .array/port v0x16bfbe0, L_0x16c75b0;
L_0x16c72a0 .functor MUXZ 32, C4<00000000000000000000000000000000>, L_0x16c71c0, L_0x16c7080, C4<>;
S_0x16be400 .scope module, "alu" "sm_alu" 6 72, 6 141, S_0x1674870;
 .timescale 0 0;
v0x16be540_0 .net *"_s0", 31 0, C4<00000000000000000000000000000000>; 1 drivers
v0x16be600_0 .alias "oper", 2 0, v0x16c0cb0_0;
v0x16be6b0_0 .var "result", 31 0;
v0x16be730_0 .net "shift", 4 0, L_0x16c81c0; 1 drivers
v0x16be7e0_0 .alias "srcA", 31 0, v0x16c13f0_0;
v0x16be880_0 .alias "srcB", 31 0, v0x16c1b00_0;
v0x16be920_0 .alias "zero", 0 0, v0x16c0dc0_0;
E_0x16bde80 .event edge, v0x16bdcc0_0, v0x16be7e0_0, v0x16be880_0, v0x16be730_0;
L_0x16c80d0 .cmp/eq 32, v0x16be6b0_0, C4<00000000000000000000000000000000>;
S_0x1675cb0 .scope module, "sm_control" "sm_control" 6 83, 6 97, S_0x1674870;
 .timescale 0 0;
L_0x16c6280 .functor XNOR 1, L_0x16c80d0, v0x16be0d0_0, C4<0>, C4<0>;
L_0x16c69f0 .functor AND 1, v0x16bdeb0_0, L_0x16c6280, C4<1>, C4<1>;
v0x16797c0_0 .net *"_s0", 0 0, L_0x16c6280; 1 drivers
v0x16bdcc0_0 .var "aluControl", 2 0;
v0x16bdd60_0 .var "aluSrc", 0 0;
v0x16bde00_0 .alias "aluZero", 0 0, v0x16c0dc0_0;
v0x16bdeb0_0 .var "branch", 0 0;
v0x16bdf50_0 .net "cmdFunk", 5 0, L_0x16c7f50; 1 drivers
v0x16be030_0 .net "cmdOper", 5 0, L_0x16c8370; 1 drivers
v0x16be0d0_0 .var "condZero", 0 0;
v0x16be1c0_0 .alias "pcSrc", 0 0, v0x16c1370_0;
v0x16be260_0 .var "regDst", 0 0;
v0x16be360_0 .var "regWrite", 0 0;
E_0x169e660 .event edge, v0x16be030_0, v0x16bdf50_0;
S_0x1668560 .scope generate, "genblk1" "genblk1" 2 42, 2 42, S_0x168f0c0;
 .timescale -9 -10;
P_0x1623108 .param/l "k" 2 42, +C4<00>;
S_0x1668470 .scope generate, "genblk01" "genblk01" 2 42, 2 42, S_0x168f0c0;
 .timescale -9 -10;
P_0x1659168 .param/l "k" 2 42, +C4<01>;
S_0x1673680 .scope generate, "genblk001" "genblk001" 2 42, 2 42, S_0x168f0c0;
 .timescale -9 -10;
P_0x1659318 .param/l "k" 2 42, +C4<010>;
S_0x1673590 .scope generate, "genblk0001" "genblk0001" 2 42, 2 42, S_0x168f0c0;
 .timescale -9 -10;
P_0x167ab38 .param/l "k" 2 42, +C4<011>;
S_0x166e4a0 .scope generate, "genblk00001" "genblk00001" 2 42, 2 42, S_0x168f0c0;
 .timescale -9 -10;
P_0x167a7b8 .param/l "k" 2 42, +C4<0100>;
S_0x166e3b0 .scope generate, "genblk000001" "genblk000001" 2 42, 2 42, S_0x168f0c0;
 .timescale -9 -10;
P_0x166bde8 .param/l "k" 2 42, +C4<0101>;
S_0x166b6f0 .scope generate, "genblk0000001" "genblk0000001" 2 42, 2 42, S_0x168f0c0;
 .timescale -9 -10;
P_0x166ef18 .param/l "k" 2 42, +C4<0110>;
S_0x166b600 .scope generate, "genblk00000001" "genblk00000001" 2 42, 2 42, S_0x168f0c0;
 .timescale -9 -10;
P_0x166ec38 .param/l "k" 2 42, +C4<0111>;
S_0x167a0c0 .scope generate, "genblk000000001" "genblk000000001" 2 42, 2 42, S_0x168f0c0;
 .timescale -9 -10;
P_0x166f0a8 .param/l "k" 2 42, +C4<01000>;
S_0x1679fd0 .scope generate, "genblk0000000001" "genblk0000000001" 2 42, 2 42, S_0x168f0c0;
 .timescale -9 -10;
P_0x1673b18 .param/l "k" 2 42, +C4<01001>;
S_0x1633770 .scope generate, "genblk00000000001" "genblk00000000001" 2 42, 2 42, S_0x168f0c0;
 .timescale -9 -10;
P_0x1673968 .param/l "k" 2 42, +C4<01010>;
S_0x1633680 .scope generate, "genblk000000000001" "genblk000000000001" 2 42, 2 42, S_0x168f0c0;
 .timescale -9 -10;
P_0x166a238 .param/l "k" 2 42, +C4<01011>;
S_0x165e530 .scope generate, "genblk0000000000001" "genblk0000000000001" 2 42, 2 42, S_0x168f0c0;
 .timescale -9 -10;
P_0x1669858 .param/l "k" 2 42, +C4<01100>;
S_0x165e440 .scope generate, "genblk00000000000001" "genblk00000000000001" 2 42, 2 42, S_0x168f0c0;
 .timescale -9 -10;
P_0x1668898 .param/l "k" 2 42, +C4<01101>;
S_0x167b500 .scope generate, "genblk000000000000001" "genblk000000000000001" 2 42, 2 42, S_0x168f0c0;
 .timescale -9 -10;
P_0x1669088 .param/l "k" 2 42, +C4<01110>;
S_0x167b410 .scope generate, "genblk0000000000000001" "genblk0000000000000001" 2 42, 2 42, S_0x168f0c0;
 .timescale -9 -10;
P_0x1668b68 .param/l "k" 2 42, +C4<01111>;
S_0x1665a40 .scope generate, "genblk00000000000000001" "genblk00000000000000001" 2 42, 2 42, S_0x168f0c0;
 .timescale -9 -10;
P_0x1675428 .param/l "k" 2 42, +C4<010000>;
S_0x1665950 .scope generate, "genblk000000000000000001" "genblk000000000000000001" 2 42, 2 42, S_0x168f0c0;
 .timescale -9 -10;
P_0x1674b38 .param/l "k" 2 42, +C4<010001>;
S_0x169da70 .scope generate, "genblk0000000000000000001" "genblk0000000000000000001" 2 42, 2 42, S_0x168f0c0;
 .timescale -9 -10;
P_0x1676548 .param/l "k" 2 42, +C4<010010>;
S_0x169d980 .scope generate, "genblk00000000000000000001" "genblk00000000000000000001" 2 42, 2 42, S_0x168f0c0;
 .timescale -9 -10;
P_0x167def8 .param/l "k" 2 42, +C4<010011>;
S_0x168d8c0 .scope generate, "genblk000000000000000000001" "genblk000000000000000000001" 2 42, 2 42, S_0x168f0c0;
 .timescale -9 -10;
P_0x167d608 .param/l "k" 2 42, +C4<010100>;
S_0x1699b30 .scope generate, "genblk0000000000000000000001" "genblk0000000000000000000001" 2 42, 2 42, S_0x168f0c0;
 .timescale -9 -10;
P_0x167d7d8 .param/l "k" 2 42, +C4<010101>;
S_0x1692d40 .scope generate, "genblk00000000000000000000001" "genblk00000000000000000000001" 2 42, 2 42, S_0x168f0c0;
 .timescale -9 -10;
P_0x1685bc8 .param/l "k" 2 42, +C4<010110>;
S_0x16942f0 .scope generate, "genblk000000000000000000000001" "genblk000000000000000000000001" 2 42, 2 42, S_0x168f0c0;
 .timescale -9 -10;
P_0x167d4d8 .param/l "k" 2 42, +C4<010111>;
S_0x16958a0 .scope generate, "genblk0000000000000000000000001" "genblk0000000000000000000000001" 2 42, 2 42, S_0x168f0c0;
 .timescale -9 -10;
P_0x1677d88 .param/l "k" 2 42, +C4<011000>;
S_0x168fe50 .scope generate, "$gen1[25]" "$gen1[25]" 2 42, 2 42, S_0x168f0c0;
 .timescale -9 -10;
P_0x1678378 .param/l "k" 2 42, +C4<011001>;
S_0x16916d0 .scope generate, "$gen1[26]" "$gen1[26]" 2 42, 2 42, S_0x168f0c0;
 .timescale -9 -10;
P_0x1677338 .param/l "k" 2 42, +C4<011010>;
S_0x16961a0 .scope generate, "$gen1[27]" "$gen1[27]" 2 42, 2 42, S_0x168f0c0;
 .timescale -9 -10;
P_0x16777b8 .param/l "k" 2 42, +C4<011011>;
S_0x16963b0 .scope generate, "$gen1[28]" "$gen1[28]" 2 42, 2 42, S_0x168f0c0;
 .timescale -9 -10;
P_0x1678508 .param/l "k" 2 42, +C4<011100>;
S_0x1697020 .scope generate, "$gen1[29]" "$gen1[29]" 2 42, 2 42, S_0x168f0c0;
 .timescale -9 -10;
P_0x168fa48 .param/l "k" 2 42, +C4<011101>;
S_0x1699760 .scope generate, "$gen1[30]" "$gen1[30]" 2 42, 2 42, S_0x168f0c0;
 .timescale -9 -10;
P_0x1697618 .param/l "k" 2 42, +C4<011110>;
S_0x169d740 .scope generate, "$gen1[31]" "$gen1[31]" 2 42, 2 42, S_0x168f0c0;
 .timescale -9 -10;
P_0x168d228 .param/l "k" 2 42, +C4<011111>;
    .scope S_0x1668560;
T_1 ;
    %vpi_call 2 43 "$dumpvars", 1'sb0, &A<v0x16bfbe0, 0>;
    %end;
    .thread T_1;
    .scope S_0x1668470;
T_2 ;
    %vpi_call 2 43 "$dumpvars", 1'sb0, &A<v0x16bfbe0, 1>;
    %end;
    .thread T_2;
    .scope S_0x1673680;
T_3 ;
    %vpi_call 2 43 "$dumpvars", 1'sb0, &A<v0x16bfbe0, 2>;
    %end;
    .thread T_3;
    .scope S_0x1673590;
T_4 ;
    %vpi_call 2 43 "$dumpvars", 1'sb0, &A<v0x16bfbe0, 3>;
    %end;
    .thread T_4;
    .scope S_0x166e4a0;
T_5 ;
    %vpi_call 2 43 "$dumpvars", 1'sb0, &A<v0x16bfbe0, 4>;
    %end;
    .thread T_5;
    .scope S_0x166e3b0;
T_6 ;
    %vpi_call 2 43 "$dumpvars", 1'sb0, &A<v0x16bfbe0, 5>;
    %end;
    .thread T_6;
    .scope S_0x166b6f0;
T_7 ;
    %vpi_call 2 43 "$dumpvars", 1'sb0, &A<v0x16bfbe0, 6>;
    %end;
    .thread T_7;
    .scope S_0x166b600;
T_8 ;
    %vpi_call 2 43 "$dumpvars", 1'sb0, &A<v0x16bfbe0, 7>;
    %end;
    .thread T_8;
    .scope S_0x167a0c0;
T_9 ;
    %vpi_call 2 43 "$dumpvars", 1'sb0, &A<v0x16bfbe0, 8>;
    %end;
    .thread T_9;
    .scope S_0x1679fd0;
T_10 ;
    %vpi_call 2 43 "$dumpvars", 1'sb0, &A<v0x16bfbe0, 9>;
    %end;
    .thread T_10;
    .scope S_0x1633770;
T_11 ;
    %vpi_call 2 43 "$dumpvars", 1'sb0, &A<v0x16bfbe0, 10>;
    %end;
    .thread T_11;
    .scope S_0x1633680;
T_12 ;
    %vpi_call 2 43 "$dumpvars", 1'sb0, &A<v0x16bfbe0, 11>;
    %end;
    .thread T_12;
    .scope S_0x165e530;
T_13 ;
    %vpi_call 2 43 "$dumpvars", 1'sb0, &A<v0x16bfbe0, 12>;
    %end;
    .thread T_13;
    .scope S_0x165e440;
T_14 ;
    %vpi_call 2 43 "$dumpvars", 1'sb0, &A<v0x16bfbe0, 13>;
    %end;
    .thread T_14;
    .scope S_0x167b500;
T_15 ;
    %vpi_call 2 43 "$dumpvars", 1'sb0, &A<v0x16bfbe0, 14>;
    %end;
    .thread T_15;
    .scope S_0x167b410;
T_16 ;
    %vpi_call 2 43 "$dumpvars", 1'sb0, &A<v0x16bfbe0, 15>;
    %end;
    .thread T_16;
    .scope S_0x1665a40;
T_17 ;
    %vpi_call 2 43 "$dumpvars", 1'sb0, &A<v0x16bfbe0, 16>;
    %end;
    .thread T_17;
    .scope S_0x1665950;
T_18 ;
    %vpi_call 2 43 "$dumpvars", 1'sb0, &A<v0x16bfbe0, 17>;
    %end;
    .thread T_18;
    .scope S_0x169da70;
T_19 ;
    %vpi_call 2 43 "$dumpvars", 1'sb0, &A<v0x16bfbe0, 18>;
    %end;
    .thread T_19;
    .scope S_0x169d980;
T_20 ;
    %vpi_call 2 43 "$dumpvars", 1'sb0, &A<v0x16bfbe0, 19>;
    %end;
    .thread T_20;
    .scope S_0x168d8c0;
T_21 ;
    %vpi_call 2 43 "$dumpvars", 1'sb0, &A<v0x16bfbe0, 20>;
    %end;
    .thread T_21;
    .scope S_0x1699b30;
T_22 ;
    %vpi_call 2 43 "$dumpvars", 1'sb0, &A<v0x16bfbe0, 21>;
    %end;
    .thread T_22;
    .scope S_0x1692d40;
T_23 ;
    %vpi_call 2 43 "$dumpvars", 1'sb0, &A<v0x16bfbe0, 22>;
    %end;
    .thread T_23;
    .scope S_0x16942f0;
T_24 ;
    %vpi_call 2 43 "$dumpvars", 1'sb0, &A<v0x16bfbe0, 23>;
    %end;
    .thread T_24;
    .scope S_0x16958a0;
T_25 ;
    %vpi_call 2 43 "$dumpvars", 1'sb0, &A<v0x16bfbe0, 24>;
    %end;
    .thread T_25;
    .scope S_0x168fe50;
T_26 ;
    %vpi_call 2 43 "$dumpvars", 1'sb0, &A<v0x16bfbe0, 25>;
    %end;
    .thread T_26;
    .scope S_0x16916d0;
T_27 ;
    %vpi_call 2 43 "$dumpvars", 1'sb0, &A<v0x16bfbe0, 26>;
    %end;
    .thread T_27;
    .scope S_0x16961a0;
T_28 ;
    %vpi_call 2 43 "$dumpvars", 1'sb0, &A<v0x16bfbe0, 27>;
    %end;
    .thread T_28;
    .scope S_0x16963b0;
T_29 ;
    %vpi_call 2 43 "$dumpvars", 1'sb0, &A<v0x16bfbe0, 28>;
    %end;
    .thread T_29;
    .scope S_0x1697020;
T_30 ;
    %vpi_call 2 43 "$dumpvars", 1'sb0, &A<v0x16bfbe0, 29>;
    %end;
    .thread T_30;
    .scope S_0x1699760;
T_31 ;
    %vpi_call 2 43 "$dumpvars", 1'sb0, &A<v0x16bfbe0, 30>;
    %end;
    .thread T_31;
    .scope S_0x169d740;
T_32 ;
    %vpi_call 2 43 "$dumpvars", 1'sb0, &A<v0x16bfbe0, 31>;
    %end;
    .thread T_32;
    .scope S_0x16c34f0;
T_33 ;
    %wait E_0x16c2df0;
    %load/v 8, v0x16c3790_0, 4;
    %ix/load 0, 4, 0;
    %assign/v0 v0x16c3830_0, 0, 8;
    %load/v 8, v0x16c3830_0, 4;
    %ix/load 0, 4, 0;
    %assign/v0 v0x16c38d0_0, 0, 8;
    %jmp T_33;
    .thread T_33;
    .scope S_0x16c30d0;
T_34 ;
    %wait E_0x16c2df0;
    %load/v 8, v0x16c32e0_0, 1;
    %ix/load 0, 1, 0;
    %assign/v0 v0x16c3380_0, 0, 8;
    %load/v 8, v0x16c3380_0, 1;
    %ix/load 0, 1, 0;
    %assign/v0 v0x16c3420_0, 0, 8;
    %jmp T_34;
    .thread T_34;
    .scope S_0x16c2cc0;
T_35 ;
    %wait E_0x16c2df0;
    %load/v 8, v0x16c2ec0_0, 5;
    %ix/load 0, 5, 0;
    %assign/v0 v0x16c2f60_0, 0, 8;
    %load/v 8, v0x16c2f60_0, 5;
    %ix/load 0, 5, 0;
    %assign/v0 v0x16c3000_0, 0, 8;
    %jmp T_35;
    .thread T_35;
    .scope S_0x16c20e0;
T_36 ;
    %wait E_0x16c21d0;
    %load/v 8, v0x16c23c0_0, 1;
    %inv 8, 1;
    %jmp/0xz  T_36.0, 8;
    %ix/load 0, 32, 0;
    %assign/v0 v0x16c2320_0, 0, 0;
    %jmp T_36.1;
T_36.0 ;
    %load/v 8, v0x16c24c0_0, 1;
    %jmp/0xz  T_36.2, 8;
    %load/v 8, v0x16c2280_0, 32;
    %ix/load 0, 32, 0;
    %assign/v0 v0x16c2320_0, 0, 8;
T_36.2 ;
T_36.1 ;
    %jmp T_36;
    .thread T_36;
    .scope S_0x16c19d0;
T_37 ;
    %vpi_call 5 14 "$readmemh", "program.hex", v0x16c1ec0;
    %end;
    .thread T_37;
    .scope S_0x16bff80;
T_38 ;
    %wait E_0x16bfde0;
    %load/v 8, v0x16c0240_0, 1;
    %inv 8, 1;
    %jmp/0xz  T_38.0, 8;
    %ix/load 0, 32, 0;
    %assign/v0 v0x16c01a0_0, 0, 0;
    %jmp T_38.1;
T_38.0 ;
    %load/v 8, v0x16c0120_0, 32;
    %ix/load 0, 32, 0;
    %assign/v0 v0x16c01a0_0, 0, 8;
T_38.1 ;
    %jmp T_38;
    .thread T_38;
    .scope S_0x16be9a0;
T_39 ;
    %wait E_0x16bea90;
    %load/v 8, v0x16bfd30_0, 1;
    %jmp/0xz  T_39.0, 8;
    %load/v 8, v0x16bfe10_0, 32;
    %ix/getv 3, v0x16bfa20_0;
    %jmp/1 t_0, 4;
    %ix/load 0, 32, 0; word width
    %ix/load 1, 0, 0; part off
    %assign/av v0x16bfbe0, 0, 8;
t_0 ;
T_39.0 ;
    %jmp T_39;
    .thread T_39;
    .scope S_0x16be400;
T_40 ;
    %wait E_0x16bde80;
    %load/v 8, v0x16be600_0, 3;
    %cmpi/u 8, 0, 3;
    %jmp/1 T_40.1, 6;
    %cmpi/u 8, 1, 3;
    %jmp/1 T_40.2, 6;
    %cmpi/u 8, 2, 3;
    %jmp/1 T_40.3, 6;
    %cmpi/u 8, 3, 3;
    %jmp/1 T_40.4, 6;
    %cmpi/u 8, 4, 3;
    %jmp/1 T_40.5, 6;
    %cmpi/u 8, 5, 3;
    %jmp/1 T_40.6, 6;
    %load/v 8, v0x16be7e0_0, 32;
    %load/v 40, v0x16be880_0, 32;
    %add 8, 40, 32;
    %set/v v0x16be6b0_0, 8, 32;
    %jmp T_40.7;
T_40.1 ;
    %load/v 8, v0x16be7e0_0, 32;
    %load/v 40, v0x16be880_0, 32;
    %add 8, 40, 32;
    %set/v v0x16be6b0_0, 8, 32;
    %jmp T_40.7;
T_40.2 ;
    %load/v 8, v0x16be7e0_0, 32;
    %load/v 40, v0x16be880_0, 32;
    %or 8, 40, 32;
    %set/v v0x16be6b0_0, 8, 32;
    %jmp T_40.7;
T_40.3 ;
    %load/v 8, v0x16be880_0, 32;
    %ix/load 0, 16, 0;
    %mov 4, 0, 1;
    %shiftl/i0  8, 32;
    %set/v v0x16be6b0_0, 8, 32;
    %jmp T_40.7;
T_40.4 ;
    %load/v 8, v0x16be880_0, 32;
    %load/v 40, v0x16be730_0, 5;
    %ix/get 0, 40, 5;
    %shiftr/i0  8, 32;
    %set/v v0x16be6b0_0, 8, 32;
    %jmp T_40.7;
T_40.5 ;
    %load/v 8, v0x16be7e0_0, 32;
    %load/v 40, v0x16be880_0, 32;
    %cmp/u 8, 40, 32;
    %mov 8, 5, 1;
    %jmp/0  T_40.8, 8;
    %movi 9, 1, 32;
    %jmp/1  T_40.10, 8;
T_40.8 ; End of true expr.
    %jmp/0  T_40.9, 8;
 ; End of false expr.
    %blend  9, 0, 32; Condition unknown.
    %jmp  T_40.10;
T_40.9 ;
    %mov 9, 0, 32; Return false value
T_40.10 ;
    %set/v v0x16be6b0_0, 9, 32;
    %jmp T_40.7;
T_40.6 ;
    %load/v 8, v0x16be7e0_0, 32;
    %load/v 40, v0x16be880_0, 32;
    %sub 8, 40, 32;
    %set/v v0x16be6b0_0, 8, 32;
    %jmp T_40.7;
T_40.7 ;
    %jmp T_40;
    .thread T_40, $push;
    .scope S_0x1675cb0;
T_41 ;
    %wait E_0x169e660;
    %set/v v0x16bdeb0_0, 0, 1;
    %set/v v0x16be0d0_0, 0, 1;
    %set/v v0x16be260_0, 0, 1;
    %set/v v0x16be360_0, 0, 1;
    %set/v v0x16bdd60_0, 0, 1;
    %set/v v0x16bdcc0_0, 0, 3;
    %load/v 8, v0x16bdf50_0, 6;
    %load/v 14, v0x16be030_0, 6;
    %movi 20, 33, 12;
    %cmp/z 8, 20, 12;
    %jmp/1 T_41.1, 4;
    %movi 20, 37, 12;
    %cmp/z 8, 20, 12;
    %jmp/1 T_41.2, 4;
    %movi 20, 2, 12;
    %cmp/z 8, 20, 12;
    %jmp/1 T_41.3, 4;
    %movi 20, 43, 12;
    %cmp/z 8, 20, 12;
    %jmp/1 T_41.4, 4;
    %movi 20, 35, 12;
    %cmp/z 8, 20, 12;
    %jmp/1 T_41.5, 4;
    %mov 20, 3, 6;
    %movi 26, 9, 6;
    %cmp/z 8, 20, 12;
    %jmp/1 T_41.6, 4;
    %mov 32, 3, 6;
    %movi 38, 41, 6;
    %cmp/z 8, 32, 12;
    %jmp/1 T_41.7, 4;
    %mov 44, 3, 6;
    %movi 50, 45, 6;
    %cmp/z 8, 44, 12;
    %jmp/1 T_41.8, 4;
    %mov 56, 3, 6;
    %movi 62, 15, 6;
    %cmp/z 8, 56, 12;
    %jmp/1 T_41.9, 4;
    %mov 68, 3, 6;
    %movi 74, 4, 6;
    %cmp/z 8, 68, 12;
    %jmp/1 T_41.10, 4;
    %mov 80, 3, 6;
    %movi 86, 5, 6;
    %cmp/z 8, 80, 12;
    %jmp/1 T_41.11, 4;
    %jmp T_41.12;
T_41.1 ;
    %set/v v0x16be260_0, 1, 1;
    %set/v v0x16be360_0, 1, 1;
    %set/v v0x16bdcc0_0, 0, 3;
    %jmp T_41.12;
T_41.2 ;
    %set/v v0x16be260_0, 1, 1;
    %set/v v0x16be360_0, 1, 1;
    %movi 8, 1, 3;
    %set/v v0x16bdcc0_0, 8, 3;
    %jmp T_41.12;
T_41.3 ;
    %set/v v0x16be260_0, 1, 1;
    %set/v v0x16be360_0, 1, 1;
    %movi 8, 3, 3;
    %set/v v0x16bdcc0_0, 8, 3;
    %jmp T_41.12;
T_41.4 ;
    %set/v v0x16be260_0, 1, 1;
    %set/v v0x16be360_0, 1, 1;
    %movi 8, 4, 3;
    %set/v v0x16bdcc0_0, 8, 3;
    %jmp T_41.12;
T_41.5 ;
    %set/v v0x16be260_0, 1, 1;
    %set/v v0x16be360_0, 1, 1;
    %movi 8, 5, 3;
    %set/v v0x16bdcc0_0, 8, 3;
    %jmp T_41.12;
T_41.6 ;
    %set/v v0x16be360_0, 1, 1;
    %set/v v0x16bdd60_0, 1, 1;
    %set/v v0x16bdcc0_0, 0, 3;
    %jmp T_41.12;
T_41.7 ;
    %set/v v0x16be360_0, 1, 1;
    %set/v v0x16bdd60_0, 1, 1;
    %movi 8, 4, 3;
    %set/v v0x16bdcc0_0, 8, 3;
    %jmp T_41.12;
T_41.8 ;
    %set/v v0x16be360_0, 1, 1;
    %set/v v0x16bdd60_0, 1, 1;
    %movi 8, 4, 3;
    %set/v v0x16bdcc0_0, 8, 3;
    %jmp T_41.12;
T_41.9 ;
    %set/v v0x16be360_0, 1, 1;
    %set/v v0x16bdd60_0, 1, 1;
    %movi 8, 2, 3;
    %set/v v0x16bdcc0_0, 8, 3;
    %jmp T_41.12;
T_41.10 ;
    %set/v v0x16bdeb0_0, 1, 1;
    %set/v v0x16be0d0_0, 1, 1;
    %movi 8, 5, 3;
    %set/v v0x16bdcc0_0, 8, 3;
    %jmp T_41.12;
T_41.11 ;
    %set/v v0x16bdeb0_0, 1, 1;
    %movi 8, 5, 3;
    %set/v v0x16bdcc0_0, 8, 3;
    %jmp T_41.12;
T_41.12 ;
    %jmp T_41;
    .thread T_41, $push;
    .scope S_0x168f0c0;
T_42 ;
    %vpi_call 2 40 "$dumpvars";
    %end;
    .thread T_42;
    .scope S_0x168f0c0;
T_43 ;
    %set/v v0x16c4900_0, 0, 1;
T_43.0 ;
    %load/v 8, v0x16c4900_0, 1;
    %inv 8, 1;
    %set/v v0x16c4840_0, 8, 1;
    %movi 8, 100, 8;
    %ix/get 0, 8, 8;
    %delayx 0;
    %load/v 8, v0x16c4840_0, 1;
    %set/v v0x16c4900_0, 8, 1;
    %jmp T_43.0;
    %end;
    .thread T_43;
    .scope S_0x168f0c0;
T_44 ;
    %set/v v0x16c4c70_0, 0, 1;
    %movi 8, 4, 4;
T_44.0 %cmp/s 0, 8, 4;
    %jmp/0xz T_44.1, 5;
    %add 8, 1, 4;
    %wait E_0x16c2df0;
    %jmp T_44.0;
T_44.1 ;
    %set/v v0x16c4c70_0, 1, 1;
    %end;
    .thread T_44;
    .scope S_0x168f0c0;
T_45 ;
    %set/v v0x16c4a80_0, 0, 32;
T_45.0 ;
    %load/v 8, v0x16c4a80_0, 32;
   %cmpi/s 8, 32, 32;
    %jmp/0xz T_45.1, 5;
    %ix/getv/s 3, v0x16c4a80_0;
   %jmp/1 t_1, 4;
   %ix/load 1, 0, 0;
   %set/av v0x16bfbe0, 0, 32;
t_1 ;
    %ix/load 0, 1, 0;
    %load/vp0/s 8, v0x16c4a80_0, 32;
    %set/v v0x16c4a80_0, 8, 32;
    %jmp T_45.0;
T_45.1 ;
    %end;
    .thread T_45;
    .scope S_0x168f0c0;
T_46 ;
    %set/v v0x16c4a00_0, 0, 32;
    %end;
    .thread T_46;
    .scope S_0x168f0c0;
T_47 ;
    %set/v v0x16c4b20_0, 0, 5;
    %end;
    .thread T_47;
    .scope S_0x168f0c0;
T_48 ;
    %wait E_0x16c2df0;
    %load/v 8, v0x16c4ba0_0, 32;
    %ix/load 0, 2, 0;
    %mov 4, 0, 1;
    %shiftl/i0  8, 32;
    %vpi_call 2 122 "$write", "%5d  pc = %2d  pcaddr = %h  instr = %h   v0 = %1d", v0x16c4a00_0, v0x16c4ba0_0, T<8,32,u>, v0x16c10e0_0, &A<v0x16bfbe0, 2>;
    %load/v 8, v0x16c10e0_0, 32;
    %set/v v0x16c47a0_0, 8, 32;
    %fork TD_sm_testbench.disasmInstr, S_0x16c4270;
    %join;
    %vpi_call 2 127 "$write", "\012";
    %load/v 8, v0x16c4a00_0, 32;
    %mov 40, 39, 1;
    %addi 8, 1, 33;
    %set/v v0x16c4a00_0, 8, 32;
    %movi 8, 120, 32;
    %load/v 40, v0x16c4a00_0, 32;
    %cmp/s 8, 40, 32;
    %jmp/0xz  T_48.0, 5;
    %vpi_call 2 133 "$display", "Timeout";
    %vpi_call 2 134 "$stop";
T_48.0 ;
    %jmp T_48;
    .thread T_48;
# The file index is used to find the file name in the following table.
:file_names 7;
    "N/A";
    "<interactive>";
    "../../../testbench/testbench.v";
    "../../../src/sm_top.v";
    "../../../src/sm_register.v";
    "../../../src/sm_rom.v";
    "../../../src/sm_cpu.v";
